{"C:\\Users\\Elisa Gomes\\Desktop\\Projetos\\ci-cd-mba-engenharia-software\\src\\db\\connection.js": {"path":"C:\\Users\\Elisa Gomes\\Desktop\\Projetos\\ci-cd-mba-engenharia-software\\src\\db\\connection.js","statementMap":{"0":{"start":{"line":1,"column":16},"end":{"line":1,"column":34}},"1":{"start":{"line":2,"column":15},"end":{"line":2,"column":32}},"2":{"start":{"line":3,"column":13},"end":{"line":3,"column":28}},"3":{"start":{"line":6,"column":21},"end":{"line":9,"column":6}},"4":{"start":{"line":11,"column":4},"end":{"line":11,"column":20}},"5":{"start":{"line":14,"column":0},"end":{"line":14,"column":34}}},"fnMap":{"0":{"name":"sqliteConnection","decl":{"start":{"line":5,"column":15},"end":{"line":5,"column":31}},"loc":{"start":{"line":5,"column":34},"end":{"line":12,"column":1}},"line":5}},"branchMap":{},"s":{"0":1,"1":1,"2":1,"3":0,"4":0,"5":1},"f":{"0":0},"b":{},"_coverageSchema":"1a1c01bbd47fc00a2c39e90264f33305004495a9","hash":"49cfd3df17455dcb315eabeedd691b65849b6269"}
,"C:\\Users\\Elisa Gomes\\Desktop\\Projetos\\ci-cd-mba-engenharia-software\\src\\repository\\contact.repository.js": {"path":"C:\\Users\\Elisa Gomes\\Desktop\\Projetos\\ci-cd-mba-engenharia-software\\src\\repository\\contact.repository.js","statementMap":{"0":{"start":{"line":1,"column":25},"end":{"line":1,"column":55}},"1":{"start":{"line":6,"column":29},"end":{"line":6,"column":53}},"2":{"start":{"line":7,"column":22},"end":{"line":9,"column":9}},"3":{"start":{"line":10,"column":24},"end":{"line":10,"column":53}},"4":{"start":{"line":11,"column":8},"end":{"line":11,"column":28}},"5":{"start":{"line":12,"column":8},"end":{"line":12,"column":22}},"6":{"start":{"line":16,"column":29},"end":{"line":16,"column":53}},"7":{"start":{"line":18,"column":22},"end":{"line":25,"column":9}},"8":{"start":{"line":27,"column":24},"end":{"line":27,"column":53}},"9":{"start":{"line":28,"column":8},"end":{"line":28,"column":28}},"10":{"start":{"line":29,"column":8},"end":{"line":29,"column":22}},"11":{"start":{"line":33,"column":29},"end":{"line":33,"column":53}},"12":{"start":{"line":35,"column":22},"end":{"line":44,"column":9}},"13":{"start":{"line":45,"column":24},"end":{"line":45,"column":53}},"14":{"start":{"line":46,"column":8},"end":{"line":46,"column":28}},"15":{"start":{"line":47,"column":8},"end":{"line":47,"column":22}},"16":{"start":{"line":51,"column":29},"end":{"line":51,"column":53}},"17":{"start":{"line":53,"column":22},"end":{"line":62,"column":9}},"18":{"start":{"line":63,"column":24},"end":{"line":63,"column":53}},"19":{"start":{"line":64,"column":8},"end":{"line":64,"column":28}},"20":{"start":{"line":65,"column":8},"end":{"line":65,"column":22}},"21":{"start":{"line":69,"column":29},"end":{"line":69,"column":53}},"22":{"start":{"line":71,"column":22},"end":{"line":80,"column":9}},"23":{"start":{"line":81,"column":24},"end":{"line":81,"column":53}},"24":{"start":{"line":82,"column":8},"end":{"line":82,"column":28}},"25":{"start":{"line":83,"column":8},"end":{"line":83,"column":22}},"26":{"start":{"line":87,"column":29},"end":{"line":87,"column":53}},"27":{"start":{"line":88,"column":22},"end":{"line":91,"column":9}},"28":{"start":{"line":93,"column":8},"end":{"line":93,"column":37}},"29":{"start":{"line":95,"column":38},"end":{"line":95,"column":96}},"30":{"start":{"line":96,"column":27},"end":{"line":96,"column":51}},"31":{"start":{"line":97,"column":36},"end":{"line":97,"column":111}},"32":{"start":{"line":99,"column":8},"end":{"line":99,"column":28}},"33":{"start":{"line":100,"column":8},"end":{"line":100,"column":34}},"34":{"start":{"line":104,"column":29},"end":{"line":104,"column":53}},"35":{"start":{"line":106,"column":24},"end":{"line":106,"column":47}},"36":{"start":{"line":108,"column":22},"end":{"line":110,"column":9}},"37":{"start":{"line":112,"column":8},"end":{"line":112,"column":38}},"38":{"start":{"line":113,"column":8},"end":{"line":113,"column":28}},"39":{"start":{"line":114,"column":8},"end":{"line":114,"column":22}},"40":{"start":{"line":119,"column":0},"end":{"line":119,"column":24}}},"fnMap":{"0":{"name":"(anonymous_0)","decl":{"start":{"line":5,"column":4},"end":{"line":5,"column":5}},"loc":{"start":{"line":5,"column":17},"end":{"line":13,"column":5}},"line":5},"1":{"name":"(anonymous_1)","decl":{"start":{"line":15,"column":4},"end":{"line":15,"column":5}},"loc":{"start":{"line":15,"column":22},"end":{"line":30,"column":5}},"line":15},"2":{"name":"(anonymous_2)","decl":{"start":{"line":32,"column":4},"end":{"line":32,"column":5}},"loc":{"start":{"line":32,"column":26},"end":{"line":48,"column":5}},"line":32},"3":{"name":"(anonymous_3)","decl":{"start":{"line":50,"column":4},"end":{"line":50,"column":5}},"loc":{"start":{"line":50,"column":28},"end":{"line":66,"column":5}},"line":50},"4":{"name":"(anonymous_4)","decl":{"start":{"line":68,"column":4},"end":{"line":68,"column":5}},"loc":{"start":{"line":68,"column":28},"end":{"line":84,"column":5}},"line":68},"5":{"name":"(anonymous_5)","decl":{"start":{"line":86,"column":4},"end":{"line":86,"column":5}},"loc":{"start":{"line":86,"column":37},"end":{"line":101,"column":5}},"line":86},"6":{"name":"(anonymous_6)","decl":{"start":{"line":103,"column":4},"end":{"line":103,"column":5}},"loc":{"start":{"line":103,"column":22},"end":{"line":115,"column":5}},"line":103}},"branchMap":{},"s":{"0":1,"1":0,"2":0,"3":0,"4":0,"5":0,"6":0,"7":0,"8":0,"9":0,"10":0,"11":0,"12":0,"13":0,"14":0,"15":0,"16":0,"17":0,"18":0,"19":0,"20":0,"21":0,"22":0,"23":0,"24":0,"25":0,"26":0,"27":0,"28":0,"29":0,"30":0,"31":0,"32":0,"33":0,"34":0,"35":0,"36":0,"37":0,"38":0,"39":0,"40":1},"f":{"0":0,"1":0,"2":0,"3":0,"4":0,"5":0,"6":0},"b":{},"_coverageSchema":"1a1c01bbd47fc00a2c39e90264f33305004495a9","hash":"9df1cd9144a8a352c6303f6be6e6fc116da2e948"}
,"C:\\Users\\Elisa Gomes\\Desktop\\Projetos\\ci-cd-mba-engenharia-software\\src\\services\\contato.service.js": {"path":"C:\\Users\\Elisa Gomes\\Desktop\\Projetos\\ci-cd-mba-engenharia-software\\src\\services\\contato.service.js","statementMap":{"0":{"start":{"line":13,"column":17},"end":{"line":13,"column":21}},"1":{"start":{"line":16,"column":8},"end":{"line":16,"column":36}},"2":{"start":{"line":19,"column":10},"end":{"line":22,"column":5}},"3":{"start":{"line":20,"column":24},"end":{"line":20,"column":58}},"4":{"start":{"line":21,"column":8},"end":{"line":21,"column":22}},"5":{"start":{"line":24,"column":13},"end":{"line":26,"column":5}},"6":{"start":{"line":25,"column":8},"end":{"line":25,"column":43}},"7":{"start":{"line":28,"column":20},"end":{"line":30,"column":5}},"8":{"start":{"line":29,"column":8},"end":{"line":29,"column":66}},"9":{"start":{"line":32,"column":13},"end":{"line":34,"column":5}},"10":{"start":{"line":33,"column":8},"end":{"line":33,"column":48}},"11":{"start":{"line":37,"column":0},"end":{"line":37,"column":31}}},"fnMap":{"0":{"name":"(anonymous_0)","decl":{"start":{"line":15,"column":4},"end":{"line":15,"column":5}},"loc":{"start":{"line":15,"column":28},"end":{"line":17,"column":5}},"line":15},"1":{"name":"(anonymous_1)","decl":{"start":{"line":19,"column":10},"end":{"line":19,"column":11}},"loc":{"start":{"line":19,"column":29},"end":{"line":22,"column":5}},"line":19},"2":{"name":"(anonymous_2)","decl":{"start":{"line":24,"column":13},"end":{"line":24,"column":14}},"loc":{"start":{"line":24,"column":29},"end":{"line":26,"column":5}},"line":24},"3":{"name":"(anonymous_3)","decl":{"start":{"line":28,"column":20},"end":{"line":28,"column":21}},"loc":{"start":{"line":28,"column":58},"end":{"line":30,"column":5}},"line":28},"4":{"name":"(anonymous_4)","decl":{"start":{"line":32,"column":13},"end":{"line":32,"column":14}},"loc":{"start":{"line":32,"column":33},"end":{"line":34,"column":5}},"line":32}},"branchMap":{},"s":{"0":4,"1":4,"2":4,"3":1,"4":1,"5":4,"6":1,"7":4,"8":1,"9":4,"10":1,"11":1},"f":{"0":4,"1":1,"2":1,"3":1,"4":1},"b":{},"_coverageSchema":"1a1c01bbd47fc00a2c39e90264f33305004495a9","hash":"8f23395860e7d749500edf8cb26acbcae874612c"}
}
