TN:
SF:src\db\connection.js
FN:5,sqliteConnection
FNF:1
FNH:0
FNDA:0,sqliteConnection
DA:1,1
DA:2,1
DA:3,1
DA:6,0
DA:11,0
DA:14,1
LF:6
LH:4
BRF:0
BRH:0
end_of_record
TN:
SF:src\repository\contact.repository.js
FN:5,(anonymous_0)
FN:15,(anonymous_1)
FN:32,(anonymous_2)
FN:50,(anonymous_3)
FN:68,(anonymous_4)
FN:86,(anonymous_5)
FN:103,(anonymous_6)
FNF:7
FNH:0
FNDA:0,(anonymous_0)
FNDA:0,(anonymous_1)
FNDA:0,(anonymous_2)
FNDA:0,(anonymous_3)
FNDA:0,(anonymous_4)
FNDA:0,(anonymous_5)
FNDA:0,(anonymous_6)
DA:1,1
DA:6,0
DA:7,0
DA:10,0
DA:11,0
DA:12,0
DA:16,0
DA:18,0
DA:27,0
DA:28,0
DA:29,0
DA:33,0
DA:35,0
DA:45,0
DA:46,0
DA:47,0
DA:51,0
DA:53,0
DA:63,0
DA:64,0
DA:65,0
DA:69,0
DA:71,0
DA:81,0
DA:82,0
DA:83,0
DA:87,0
DA:88,0
DA:93,0
DA:95,0
DA:96,0
DA:97,0
DA:99,0
DA:100,0
DA:104,0
DA:106,0
DA:108,0
DA:112,0
DA:113,0
DA:114,0
DA:119,1
LF:41
LH:2
BRF:0
BRH:0
end_of_record
TN:
SF:src\services\contato.service.js
FN:15,(anonymous_0)
FN:19,(anonymous_1)
FN:24,(anonymous_2)
FN:28,(anonymous_3)
FN:32,(anonymous_4)
FNF:5
FNH:5
FNDA:4,(anonymous_0)
FNDA:1,(anonymous_1)
FNDA:1,(anonymous_2)
FNDA:1,(anonymous_3)
FNDA:1,(anonymous_4)
DA:13,4
DA:16,4
DA:19,4
DA:20,1
DA:21,1
DA:24,4
DA:25,1
DA:28,4
DA:29,1
DA:32,4
DA:33,1
DA:37,1
LF:12
LH:12
BRF:0
BRH:0
end_of_record
